  renderer.cpp
C:\Users\charl\Documents\GitHub\GTR_Framework\src\extra\cJSON.h(104,1): warning C4099: 'cJSON': nombre de tipo visto anteriormente usando 'class' ahora se ve usando 'struct'
C:\Users\charl\Documents\GitHub\GTR_Framework\src\extra\cJSON.h(103,16): message : vea la declaración de 'cJSON'
C:\Users\charl\Documents\GitHub\GTR_Framework\src\pipeline\renderer.cpp(53,20): warning C4018: '<': no coinciden signed/unsigned
C:\Users\charl\Documents\GitHub\GTR_Framework\src\pipeline\renderer.cpp(86,20): warning C4018: '<': no coinciden signed/unsigned
C:\Users\charl\Documents\GitHub\GTR_Framework\src\pipeline\renderer.cpp(123,20): warning C4018: '<': no coinciden signed/unsigned
C:\Users\charl\Documents\GitHub\GTR_Framework\src\pipeline\renderer.cpp(271,10): warning C4244: 'inicializando': conversión de 'long' a 'float'; posible pérdida de datos
C:\Users\charl\Documents\GitHub\GTR_Framework\src\pipeline\renderer.cpp(347,10): warning C4244: 'inicializando': conversión de 'long' a 'float'; posible pérdida de datos
C:\Users\charl\Documents\GitHub\GTR_Framework\src\pipeline\renderer.cpp(374,21): warning C4018: '<': no coinciden signed/unsigned
C:\Users\charl\Documents\GitHub\GTR_Framework\src\pipeline\renderer.cpp(395,54): warning C4244: 'argumento': conversión de 'int' a 'T'; posible pérdida de datos
          with
          [
              T=float
          ]
C:\Users\charl\Documents\GitHub\GTR_Framework\src\pipeline\renderer.cpp(400,83): warning C4244: 'argumento': conversión de 'double' a 'T'; posible pérdida de datos
          with
          [
              T=float
          ]
C:\Users\charl\Documents\GitHub\GTR_Framework\src\pipeline\renderer.cpp(400,48): warning C4244: 'argumento': conversión de 'double' a 'T'; posible pérdida de datos
          with
          [
              T=float
          ]
     Creando biblioteca ..\..\GTR.lib y objeto ..\..\GTR.exp
LINK : warning LNK4098: la biblioteca predeterminada'LIBCMT' entra en conflicto con otras bibliotecas; use la biblioteca /NODEFAULTLIB:biblioteca
  Generando código
  4 of 5865 functions (<0.1%) were compiled, the rest were copied from previous compilation.
    0 functions were new in current compilation
    63 functions had inline decision re-evaluated but remain unchanged
  Generación de código finalizada
glew32s.lib(glew.obj) : warning LNK4099: no se encontró PDB '' con 'glew32s.lib(glew.obj)' o en ''; se vinculará el objeto sin tener en cuenta información de depuración
  visualstudio.vcxproj -> C:\Users\charl\Documents\GitHub\GTR_Framework\GTR.exe
